Unity Editor version:    2020.3.30f1 (1fb1bf06830e)
Branch:                  2020.3/staging
Build type:              Release
Batch mode:              YES
macOS version:           Version 12.3.1 (Build 21E258)
Darwin version:          21.4.0
Architecture:            x86_64
Running under Rosetta:   NO
Available memory:        16384 MB
Using pre-set license
Pro License: NO

COMMAND LINE ARGUMENTS:
/Applications/2020.3.30f1/Unity.app/Contents/MacOS/Unity
-adb2
-batchMode
-noUpm
-name
AssetImportWorker0
-projectPath
/Users/ksm5753/Desktop/Runnermusume/RunnerMusume
-logFile
Logs/AssetImportWorker0.log
-srvPort
49624
Successfully changed project path to: /Users/ksm5753/Desktop/Runnermusume/RunnerMusume
/Users/ksm5753/Desktop/Runnermusume/RunnerMusume
Using Asset Import Pipeline V2.
Refreshing native plugins compatible for Editor in 120.36 ms, found 3 plugins.
Preloading 0 native plugins for Editor in 0.00 ms.
Initialize engine version: 2020.3.30f1 (1fb1bf06830e)
[Subsystems] Discovering subsystems at path /Applications/2020.3.30f1/Unity.app/Contents/Resources/UnitySubsystems
[Subsystems] Discovering subsystems at path /Users/ksm5753/Desktop/Runnermusume/RunnerMusume/Assets
GfxDevice: creating device client; threaded=0
2022-04-05 12:25:16.685 Unity[5140:90151] Color LCD preferred device: Intel(R) HD Graphics 530 (low power)
2022-04-05 12:25:16.685 Unity[5140:90151] Metal devices available: 2
2022-04-05 12:25:16.685 Unity[5140:90151] 0: AMD Radeon Pro 450 (high power)
2022-04-05 12:25:16.685 Unity[5140:90151] 1: Intel(R) HD Graphics 530 (low power)
2022-04-05 12:25:16.686 Unity[5140:90151] Using device AMD Radeon Pro 450 (high power)
Initializing Metal device caps: AMD Radeon Pro 450
Initialize mono
Mono path[0] = '/Applications/2020.3.30f1/Unity.app/Contents/Managed'
Mono path[1] = '/Applications/2020.3.30f1/Unity.app/Contents/MonoBleedingEdge/lib/mono/unityjit'
Mono config path = '/Applications/2020.3.30f1/Unity.app/Contents/MonoBleedingEdge/etc'
Using monoOptions --debugger-agent=transport=dt_socket,embedding=1,server=y,suspend=n,address=127.0.0.1:56140
Begin MonoManager ReloadAssembly
Registering precompiled unity dll's ...
Register platform support module: /Applications/2020.3.30f1/Unity.app/Contents/PlaybackEngines/MacStandaloneSupport/UnityEditor.OSXStandalone.Extensions.dll
Registered in 0.003436 seconds.
Native extension for OSXStandalone target not found
Refreshing native plugins compatible for Editor in 117.24 ms, found 3 plugins.
Preloading 0 native plugins for Editor in 0.00 ms.
Mono: successfully reloaded assembly
- Completed reload, in  1.083 seconds
Domain Reload Profiling:
	ReloadAssembly (1083ms)
		BeginReloadAssembly (139ms)
			ExecutionOrderSort (0ms)
			DisableScriptedObjects (0ms)
			BackupInstance (0ms)
			ReleaseScriptingObjects (0ms)
			CreateAndSetChildDomain (1ms)
		EndReloadAssembly (842ms)
			LoadAssemblies (140ms)
			RebuildTransferFunctionScriptingTraits (0ms)
			SetupTypeCache (270ms)
			ReleaseScriptCaches (0ms)
			RebuildScriptCaches (60ms)
			SetupLoadedEditorAssemblies (369ms)
				LogAssemblyErrors (0ms)
				InitializePlatformSupportModulesInManaged (7ms)
				SetLoadedEditorAssemblies (0ms)
				RefreshPlugins (117ms)
				BeforeProcessingInitializeOnLoad (55ms)
				ProcessInitializeOnLoadAttributes (143ms)
				ProcessInitializeOnLoadMethodAttributes (47ms)
				AfterProcessingInitializeOnLoad (0ms)
				EditorAssembliesLoaded (0ms)
			ExecutionOrderSort2 (0ms)
			AwakeInstancesAfterBackupRestoration (0ms)
Platform modules already initialized, skipping
Registering precompiled user dll's ...
Registered in 0.017919 seconds.
Begin MonoManager ReloadAssembly
Native extension for OSXStandalone target not found
Refreshing native plugins compatible for Editor in 3.05 ms, found 3 plugins.
Preloading 0 native plugins for Editor in 0.00 ms.
WARNING: RGBA Compressed PVRTC 4BPP UNorm format is not supported, decompressing texture
Mono: successfully reloaded assembly
- Completed reload, in  2.497 seconds
Domain Reload Profiling:
	ReloadAssembly (2498ms)
		BeginReloadAssembly (225ms)
			ExecutionOrderSort (0ms)
			DisableScriptedObjects (6ms)
			BackupInstance (0ms)
			ReleaseScriptingObjects (0ms)
			CreateAndSetChildDomain (35ms)
		EndReloadAssembly (2155ms)
			LoadAssemblies (162ms)
			RebuildTransferFunctionScriptingTraits (0ms)
			SetupTypeCache (701ms)
			ReleaseScriptCaches (1ms)
			RebuildScriptCaches (91ms)
			SetupLoadedEditorAssemblies (975ms)
				LogAssemblyErrors (0ms)
				InitializePlatformSupportModulesInManaged (10ms)
				SetLoadedEditorAssemblies (1ms)
				RefreshPlugins (3ms)
				BeforeProcessingInitializeOnLoad (204ms)
				ProcessInitializeOnLoadAttributes (593ms)
				ProcessInitializeOnLoadMethodAttributes (162ms)
				AfterProcessingInitializeOnLoad (2ms)
				EditorAssembliesLoaded (0ms)
			ExecutionOrderSort2 (0ms)
			AwakeInstancesAfterBackupRestoration (11ms)
Platform modules already initialized, skipping
Validating Project structure ... 0.054599 seconds.
Shader import version has changed; will reimport all shaders...
Upgrading shader files ...0.065344 seconds.
Application.AssetDatabase Initial Script Refresh Start
RefreshInfo: InitialScriptRefreshV2(NoUpdateAssetOptions) scanfilter:  ... 1 filters
RefreshProfiler: Total: 0.000ms
Application.AssetDatabase Initial Script Refresh End
Application.AssetDatabase.Refresh Start
Application.AssetDatabase.Refresh End
RefreshInfo: StopAssetImportingV2(ForceSynchronousImport) scanfilter: 
RefreshProfiler: Total: 0.000ms
WARNING: RGBA Compressed PVRTC 4BPP UNorm format is not supported, decompressing texture
Launching external process: /Applications/2020.3.30f1/Unity.app/Contents/Tools/UnityShaderCompiler
Launched and connected shader compiler UnityShaderCompiler after 0.02 seconds
Initializing Unity extensions:
2022-04-05 12:25:24.873 Unity[5140:90151] NSEventModifierFlagFunction specified to -setKeyEquivalentModifierMask: for item <NSMenuItem: 0x600003f64690 Font Asset, ke='Command-F12'>, but is only supported for system-provided menu items; will not be used
2022-04-05 12:25:24.878 Unity[5140:90151] NSEventModifierFlagFunction specified to -setKeyEquivalentModifierMask: for item <NSMenuItem: 0x600003f7d0a0 Font Asset, ke='Command-F12'>, but is only supported for system-provided menu items; will not be used
========================================================================
Worker process is ready to serve import requests
Refreshing native plugins compatible for Editor in 1.48 ms, found 3 plugins.
Preloading 0 native plugins for Editor in 0.00 ms.
Unloading 2241 Unused Serialized files (Serialized files now loaded: 0)
System memory in use before: 286.1 MB.
System memory in use after: 285.3 MB.

Unloading 232 unused Assets to reduce memory usage. Loaded Objects now: 2664.
Total: 9.595757 ms (FindLiveObjects: 0.271905 ms CreateObjectMapping: 0.130432 ms MarkObjects: 8.434347 ms  DeleteObjects: 0.757544 ms)

AssetImportParameters requested are different than current active one (requested -> active):
  custom:video-decoder-ogg-theora: a1e56fd34408186e4bbccfd4996cb3dc -> 
  custom:container-muxer-webm: aa71ff27fc2769a1b78a27578f13a17b -> 
  custom:container-demuxer-webm: 4f35f7cbe854078d1ac9338744f61a02 -> 
  custom:container-demuxer-ogg: 62fdf1f143b41e24485cea50d1cbac27 -> 
  custom:video-encoder-webm-vp8: eb34c28f22e8b96e1ab97ce403110664 -> 
  custom:framework-osx-AVFoundation: e770b220cccbd017edd2c1fefb359320 -> 
  custom:video-decoder-webm-vp8: 9c59270c3fd7afecdb556c50c9e8de78 -> 
  custom:audio-decoder-ogg-vorbis: bf7c407c2cedff20999df2af8eb42d56 -> 
  custom:audio-encoder-webm-vorbis: bf7c407c2cedff20999df2af8eb42d56 -> 
========================================================================
Received Import Request.
  path: Assets/AppleAuthSample/LoginMenuHandler.cs
  artifactKey: Guid(5df070032d934e728947541e16f9926e) Importer(815301076,1909f56bfc062723c751e8b465ee728b)
Start importing Assets/AppleAuthSample/LoginMenuHandler.cs using Guid(5df070032d934e728947541e16f9926e) Importer(815301076,1909f56bfc062723c751e8b465ee728b)  -> (artifact id: 'b07ebe200d45d385dd9477bd38c13061') in 0.166870 seconds 
========================================================================
Received Import Request.
  Time since last request: 0.000395 seconds.
  path: Assets/AppleAuth
  artifactKey: Guid(3d297c3d864984122b839366db2b845a) Importer(815301076,1909f56bfc062723c751e8b465ee728b)
Start importing Assets/AppleAuth using Guid(3d297c3d864984122b839366db2b845a) Importer(815301076,1909f56bfc062723c751e8b465ee728b)  -> (artifact id: 'dc5ac8b004d1d69a5a61e48ff75d06a5') in 0.001660 seconds 
========================================================================
Received Import Request.
  Time since last request: 0.000443 seconds.
  path: Assets/AppleAuthSample
  artifactKey: Guid(51e97e416bb4a4e34999e17aaa36481f) Importer(815301076,1909f56bfc062723c751e8b465ee728b)
Start importing Assets/AppleAuthSample using Guid(51e97e416bb4a4e34999e17aaa36481f) Importer(815301076,1909f56bfc062723c751e8b465ee728b)  -> (artifact id: 'd0adf3c09b9ecee186afa08db58d6739') in 0.001393 seconds 
========================================================================
Received Import Request.
  Time since last request: 0.000311 seconds.
  path: Assets/AppleAuthSample/LandscapeSampleScene.unity
  artifactKey: Guid(68da1cf4dda854c5887ef4c16bad630f) Importer(815301076,1909f56bfc062723c751e8b465ee728b)
Start importing Assets/AppleAuthSample/LandscapeSampleScene.unity using Guid(68da1cf4dda854c5887ef4c16bad630f) Importer(815301076,1909f56bfc062723c751e8b465ee728b)  -> (artifact id: '20e3599a54dd4e9d232a4c6ac20a5489') in 0.012410 seconds 
========================================================================
Received Import Request.
  Time since last request: 0.000324 seconds.
  path: Assets/AppleAuthSample/MainMenu.cs
  artifactKey: Guid(e2383fb25d7674cb688423c8d048725a) Importer(815301076,1909f56bfc062723c751e8b465ee728b)
Start importing Assets/AppleAuthSample/MainMenu.cs using Guid(e2383fb25d7674cb688423c8d048725a) Importer(815301076,1909f56bfc062723c751e8b465ee728b)  -> (artifact id: '78e0dc9ba555d27e310c4dd7f2becf7b') in 0.002644 seconds 
========================================================================
Received Import Request.
  Time since last request: 0.759922 seconds.
  path: Assets/AppleAuthSample/SampleScene.unity
  artifactKey: Guid(6f48e3993e1264b21b0fc1e486a1641e) Importer(815301076,1909f56bfc062723c751e8b465ee728b)
Start importing Assets/AppleAuthSample/SampleScene.unity using Guid(6f48e3993e1264b21b0fc1e486a1641e) Importer(815301076,1909f56bfc062723c751e8b465ee728b)  -> (artifact id: 'da9d66b9337bfe9feec8005c942cf2bd') in 0.001787 seconds 
========================================================================
Received Prepare
Registering precompiled user dll's ...
Registered in 0.003980 seconds.
Begin MonoManager ReloadAssembly
Native extension for OSXStandalone target not found
Refreshing native plugins compatible for Editor in 2.48 ms, found 3 plugins.
Preloading 0 native plugins for Editor in 0.00 ms.
2022-04-05 12:26:15.950 Unity[5140:90151] NSEventModifierFlagFunction specified to -setKeyEquivalentModifierMask: for item <NSMenuItem: 0x600003f21d50 Font Asset, ke='Command-F12'>, but is only supported for system-provided menu items; will not be used
Mono: successfully reloaded assembly
- Completed reload, in  2.520 seconds
Domain Reload Profiling:
	ReloadAssembly (2520ms)
		BeginReloadAssembly (147ms)
			ExecutionOrderSort (0ms)
			DisableScriptedObjects (6ms)
			BackupInstance (0ms)
			ReleaseScriptingObjects (0ms)
			CreateAndSetChildDomain (65ms)
		EndReloadAssembly (2293ms)
			LoadAssemblies (120ms)
			RebuildTransferFunctionScriptingTraits (0ms)
			SetupTypeCache (605ms)
			ReleaseScriptCaches (1ms)
			RebuildScriptCaches (244ms)
			SetupLoadedEditorAssemblies (847ms)
				LogAssemblyErrors (0ms)
				InitializePlatformSupportModulesInManaged (16ms)
				SetLoadedEditorAssemblies (1ms)
				RefreshPlugins (3ms)
				BeforeProcessingInitializeOnLoad (341ms)
				ProcessInitializeOnLoadAttributes (400ms)
				ProcessInitializeOnLoadMethodAttributes (86ms)
				AfterProcessingInitializeOnLoad (1ms)
				EditorAssembliesLoaded (0ms)
			ExecutionOrderSort2 (0ms)
			AwakeInstancesAfterBackupRestoration (9ms)
Platform modules already initialized, skipping
Switching build target platform(2) subTarget(0) extendedPlatform(0) -> platform(9) subTarget(16777218) extendedPlatform(0)
Refreshing native plugins compatible for Editor in 1.47 ms, found 3 plugins.
Preloading 0 native plugins for Editor in 0.00 ms.
Unloading 2220 Unused Serialized files (Serialized files now loaded: 0)
System memory in use before: 285.9 MB.
System memory in use after: 286.1 MB.

Unloading 80 unused Assets to reduce memory usage. Loaded Objects now: 2667.
Total: 8.256975 ms (FindLiveObjects: 0.238567 ms CreateObjectMapping: 0.111146 ms MarkObjects: 7.859777 ms  DeleteObjects: 0.045973 ms)

AssetImportParameters requested are different than current active one (requested -> active):
  custom:video-decoder-ogg-theora: a1e56fd34408186e4bbccfd4996cb3dc -> 
  custom:container-muxer-webm: aa71ff27fc2769a1b78a27578f13a17b -> 
  custom:container-demuxer-webm: 4f35f7cbe854078d1ac9338744f61a02 -> 
  custom:container-demuxer-ogg: 62fdf1f143b41e24485cea50d1cbac27 -> 
  custom:video-encoder-webm-vp8: eb34c28f22e8b96e1ab97ce403110664 -> 
  custom:framework-osx-AVFoundation: e770b220cccbd017edd2c1fefb359320 -> 
  custom:video-decoder-webm-vp8: 9c59270c3fd7afecdb556c50c9e8de78 -> 
  custom:graphics/normal-map-encoding: 01000000000000000000000000000000 -> 02000000000000000000000000000000
  custom:audio-decoder-ogg-vorbis: bf7c407c2cedff20999df2af8eb42d56 -> 
  custom:audio-encoder-webm-vorbis: bf7c407c2cedff20999df2af8eb42d56 -> 
========================================================================
Received Prepare
Refreshing native plugins compatible for Editor in 10.30 ms, found 3 plugins.
Preloading 0 native plugins for Editor in 0.00 ms.
Unloading 76 Unused Serialized files (Serialized files now loaded: 0)
System memory in use before: 244.0 MB.
System memory in use after: 244.2 MB.

Unloading 76 unused Assets to reduce memory usage. Loaded Objects now: 2667.
Total: 7.630763 ms (FindLiveObjects: 0.225240 ms CreateObjectMapping: 0.104368 ms MarkObjects: 7.264006 ms  DeleteObjects: 0.036151 ms)

AssetImportParameters requested are different than current active one (requested -> active):
  custom:video-decoder-ogg-theora: a1e56fd34408186e4bbccfd4996cb3dc -> 
  custom:container-muxer-webm: aa71ff27fc2769a1b78a27578f13a17b -> 
  custom:container-demuxer-webm: 4f35f7cbe854078d1ac9338744f61a02 -> 
  custom:container-demuxer-ogg: 62fdf1f143b41e24485cea50d1cbac27 -> 
  custom:video-encoder-webm-vp8: eb34c28f22e8b96e1ab97ce403110664 -> 
  custom:framework-osx-AVFoundation: e770b220cccbd017edd2c1fefb359320 -> 
  custom:video-decoder-webm-vp8: 9c59270c3fd7afecdb556c50c9e8de78 -> 
  custom:audio-decoder-ogg-vorbis: bf7c407c2cedff20999df2af8eb42d56 -> 
  custom:audio-encoder-webm-vorbis: bf7c407c2cedff20999df2af8eb42d56 -> 
========================================================================
Received Import Request.
  Time since last request: 683.618690 seconds.
  path: Assets/KSM/Scenes
  artifactKey: Guid(2413c8b94ea1cf745931abfa4f8255cd) Importer(815301076,1909f56bfc062723c751e8b465ee728b)
Start importing Assets/KSM/Scenes using Guid(2413c8b94ea1cf745931abfa4f8255cd) Importer(815301076,1909f56bfc062723c751e8b465ee728b)  -> (artifact id: '2f2716800fba009801241a41e034cc6d') in 0.006344 seconds 
========================================================================
Received Import Request.
  Time since last request: 1.340358 seconds.
  path: Assets/KSM/Scenes/0. Login.unity
  artifactKey: Guid(bdd90305e26ee5449b2a6bff48346207) Importer(815301076,1909f56bfc062723c751e8b465ee728b)
Start importing Assets/KSM/Scenes/0. Login.unity using Guid(bdd90305e26ee5449b2a6bff48346207) Importer(815301076,1909f56bfc062723c751e8b465ee728b)  -> (artifact id: '7ec6395c00554a9d2e39aaf77bb02636') in 0.024226 seconds 
========================================================================
Received Prepare
Registering precompiled user dll's ...
Registered in 0.010394 seconds.
Begin MonoManager ReloadAssembly
Native extension for OSXStandalone target not found
Refreshing native plugins compatible for Editor in 1.57 ms, found 3 plugins.
Preloading 0 native plugins for Editor in 0.00 ms.
2022-04-05 12:43:01.513 Unity[5140:90151] NSEventModifierFlagFunction specified to -setKeyEquivalentModifierMask: for item <NSMenuItem: 0x600003f33c60 Font Asset, ke='Command-F12'>, but is only supported for system-provided menu items; will not be used
Mono: successfully reloaded assembly
- Completed reload, in  1.765 seconds
Domain Reload Profiling:
	ReloadAssembly (1766ms)
		BeginReloadAssembly (148ms)
			ExecutionOrderSort (0ms)
			DisableScriptedObjects (6ms)
			BackupInstance (0ms)
			ReleaseScriptingObjects (0ms)
			CreateAndSetChildDomain (70ms)
		EndReloadAssembly (1530ms)
			LoadAssemblies (113ms)
			RebuildTransferFunctionScriptingTraits (0ms)
			SetupTypeCache (501ms)
			ReleaseScriptCaches (1ms)
			RebuildScriptCaches (70ms)
			SetupLoadedEditorAssemblies (651ms)
				LogAssemblyErrors (0ms)
				InitializePlatformSupportModulesInManaged (6ms)
				SetLoadedEditorAssemblies (1ms)
				RefreshPlugins (2ms)
				BeforeProcessingInitializeOnLoad (182ms)
				ProcessInitializeOnLoadAttributes (359ms)
				ProcessInitializeOnLoadMethodAttributes (100ms)
				AfterProcessingInitializeOnLoad (2ms)
				EditorAssembliesLoaded (1ms)
			ExecutionOrderSort2 (0ms)
			AwakeInstancesAfterBackupRestoration (13ms)
Platform modules already initialized, skipping
Switching build target platform(2) subTarget(0) extendedPlatform(0) -> platform(9) subTarget(16777218) extendedPlatform(0)
Refreshing native plugins compatible for Editor in 1.42 ms, found 3 plugins.
Preloading 0 native plugins for Editor in 0.00 ms.
Unloading 2220 Unused Serialized files (Serialized files now loaded: 0)
System memory in use before: 286.6 MB.
System memory in use after: 286.8 MB.

Unloading 79 unused Assets to reduce memory usage. Loaded Objects now: 2669.
Total: 7.919105 ms (FindLiveObjects: 0.210603 ms CreateObjectMapping: 0.100547 ms MarkObjects: 7.559494 ms  DeleteObjects: 0.044170 ms)

AssetImportParameters requested are different than current active one (requested -> active):
  custom:video-decoder-ogg-theora: a1e56fd34408186e4bbccfd4996cb3dc -> 
  custom:container-muxer-webm: aa71ff27fc2769a1b78a27578f13a17b -> 
  custom:container-demuxer-webm: 4f35f7cbe854078d1ac9338744f61a02 -> 
  custom:container-demuxer-ogg: 62fdf1f143b41e24485cea50d1cbac27 -> 
  custom:video-encoder-webm-vp8: eb34c28f22e8b96e1ab97ce403110664 -> 
  custom:framework-osx-AVFoundation: e770b220cccbd017edd2c1fefb359320 -> 
  custom:video-decoder-webm-vp8: 9c59270c3fd7afecdb556c50c9e8de78 -> 
  custom:graphics/normal-map-encoding: 01000000000000000000000000000000 -> 02000000000000000000000000000000
  custom:audio-decoder-ogg-vorbis: bf7c407c2cedff20999df2af8eb42d56 -> 
  custom:audio-encoder-webm-vorbis: bf7c407c2cedff20999df2af8eb42d56 -> 
========================================================================
Received Import Request.
  Time since last request: 371.814600 seconds.
  path: Assets/KSM/Scripts
  artifactKey: Guid(a366ce7dbd9548e48a2ab9bd595b9d89) Importer(815301076,1909f56bfc062723c751e8b465ee728b)
Start importing Assets/KSM/Scripts using Guid(a366ce7dbd9548e48a2ab9bd595b9d89) Importer(815301076,1909f56bfc062723c751e8b465ee728b)  -> (artifact id: 'db21674e930537b30d3823f8dd256841') in 0.005542 seconds 
========================================================================
Received Import Request.
  Time since last request: 7.400618 seconds.
  path: Assets/AppleAuth/AppleAuth.asmdef
  artifactKey: Guid(18299ae3367e54facaf234d6fdef478c) Importer(815301076,1909f56bfc062723c751e8b465ee728b)
Start importing Assets/AppleAuth/AppleAuth.asmdef using Guid(18299ae3367e54facaf234d6fdef478c) Importer(815301076,1909f56bfc062723c751e8b465ee728b)  -> (artifact id: 'a1e307e59d87da0e5e7c78d30aef0c55') in 1.014999 seconds 
========================================================================
Received Import Request.
  Time since last request: 0.948624 seconds.
  path: Assets/AppleAuth/AppleAuthQuickLoginArgs.cs
  artifactKey: Guid(880aaf66cd239420c84516df3808b1cd) Importer(815301076,1909f56bfc062723c751e8b465ee728b)
Start importing Assets/AppleAuth/AppleAuthQuickLoginArgs.cs using Guid(880aaf66cd239420c84516df3808b1cd) Importer(815301076,1909f56bfc062723c751e8b465ee728b)  -> (artifact id: '1330d845ce25fabaeee9abc36a5c53cf') in 0.002510 seconds 
========================================================================
Received Import Request.
  Time since last request: 0.558578 seconds.
  path: Assets/AppleAuth/AppleAuthLoginArgs.cs
  artifactKey: Guid(3b73c35a1b9cc46c4aee8b7ef42a8d16) Importer(815301076,1909f56bfc062723c751e8b465ee728b)
Start importing Assets/AppleAuth/AppleAuthLoginArgs.cs using Guid(3b73c35a1b9cc46c4aee8b7ef42a8d16) Importer(815301076,1909f56bfc062723c751e8b465ee728b)  -> (artifact id: '884fa77b53072ed263a3eb9e9643b55c') in 0.002175 seconds 
========================================================================
Received Import Request.
  Time since last request: 1.423863 seconds.
  path: Assets/AppleAuth/AppleAuthManager.cs
  artifactKey: Guid(4c7f839cf27df4e2daf0b30aaecca941) Importer(815301076,1909f56bfc062723c751e8b465ee728b)
Start importing Assets/AppleAuth/AppleAuthManager.cs using Guid(4c7f839cf27df4e2daf0b30aaecca941) Importer(815301076,1909f56bfc062723c751e8b465ee728b)  -> (artifact id: 'd8d8e6d24f087a80c8b04c696712f63a') in 0.001748 seconds 
========================================================================
Received Prepare
Registering precompiled user dll's ...
Registered in 0.009101 seconds.
Begin MonoManager ReloadAssembly
Native extension for OSXStandalone target not found
Refreshing native plugins compatible for Editor in 2.57 ms, found 3 plugins.
Preloading 0 native plugins for Editor in 0.00 ms.
2022-04-05 12:44:28.230 Unity[5140:90151] NSEventModifierFlagFunction specified to -setKeyEquivalentModifierMask: for item <NSMenuItem: 0x600003f32060 Font Asset, ke='Command-F12'>, but is only supported for system-provided menu items; will not be used
Mono: successfully reloaded assembly
- Completed reload, in  1.810 seconds
Domain Reload Profiling:
	ReloadAssembly (1811ms)
		BeginReloadAssembly (146ms)
			ExecutionOrderSort (0ms)
			DisableScriptedObjects (6ms)
			BackupInstance (0ms)
			ReleaseScriptingObjects (0ms)
			CreateAndSetChildDomain (65ms)
		EndReloadAssembly (1583ms)
			LoadAssemblies (111ms)
			RebuildTransferFunctionScriptingTraits (0ms)
			SetupTypeCache (518ms)
			ReleaseScriptCaches (2ms)
			RebuildScriptCaches (73ms)
			SetupLoadedEditorAssemblies (702ms)
				LogAssemblyErrors (0ms)
				InitializePlatformSupportModulesInManaged (10ms)
				SetLoadedEditorAssemblies (3ms)
				RefreshPlugins (3ms)
				BeforeProcessingInitializeOnLoad (197ms)
				ProcessInitializeOnLoadAttributes (391ms)
				ProcessInitializeOnLoadMethodAttributes (97ms)
				AfterProcessingInitializeOnLoad (1ms)
				EditorAssembliesLoaded (0ms)
			ExecutionOrderSort2 (0ms)
			AwakeInstancesAfterBackupRestoration (10ms)
Platform modules already initialized, skipping
Switching build target platform(2) subTarget(0) extendedPlatform(0) -> platform(9) subTarget(16777218) extendedPlatform(0)
Refreshing native plugins compatible for Editor in 1.49 ms, found 3 plugins.
Preloading 0 native plugins for Editor in 0.00 ms.
Unloading 2220 Unused Serialized files (Serialized files now loaded: 0)
System memory in use before: 291.0 MB.
System memory in use after: 291.2 MB.

Unloading 79 unused Assets to reduce memory usage. Loaded Objects now: 2671.
Total: 7.444260 ms (FindLiveObjects: 0.202803 ms CreateObjectMapping: 0.095600 ms MarkObjects: 7.106962 ms  DeleteObjects: 0.037901 ms)

AssetImportParameters requested are different than current active one (requested -> active):
  custom:video-decoder-ogg-theora: a1e56fd34408186e4bbccfd4996cb3dc -> 
  custom:container-muxer-webm: aa71ff27fc2769a1b78a27578f13a17b -> 
  custom:container-demuxer-webm: 4f35f7cbe854078d1ac9338744f61a02 -> 
  custom:container-demuxer-ogg: 62fdf1f143b41e24485cea50d1cbac27 -> 
  custom:video-encoder-webm-vp8: eb34c28f22e8b96e1ab97ce403110664 -> 
  custom:framework-osx-AVFoundation: e770b220cccbd017edd2c1fefb359320 -> 
  custom:video-decoder-webm-vp8: 9c59270c3fd7afecdb556c50c9e8de78 -> 
  custom:graphics/normal-map-encoding: 01000000000000000000000000000000 -> 02000000000000000000000000000000
  custom:audio-decoder-ogg-vorbis: bf7c407c2cedff20999df2af8eb42d56 -> 
  custom:audio-encoder-webm-vorbis: bf7c407c2cedff20999df2af8eb42d56 -> 
========================================================================
Received Prepare
Registering precompiled user dll's ...
Registered in 0.003953 seconds.
Begin MonoManager ReloadAssembly
Native extension for OSXStandalone target not found
Refreshing native plugins compatible for Editor in 3.04 ms, found 3 plugins.
Preloading 0 native plugins for Editor in 0.00 ms.
2022-04-05 12:44:54.780 Unity[5140:90151] NSEventModifierFlagFunction specified to -setKeyEquivalentModifierMask: for item <NSMenuItem: 0x600003f0caf0 Font Asset, ke='Command-F12'>, but is only supported for system-provided menu items; will not be used
Mono: successfully reloaded assembly
- Completed reload, in  2.551 seconds
Domain Reload Profiling:
	ReloadAssembly (2552ms)
		BeginReloadAssembly (134ms)
			ExecutionOrderSort (0ms)
			DisableScriptedObjects (6ms)
			BackupInstance (0ms)
			ReleaseScriptingObjects (0ms)
			CreateAndSetChildDomain (59ms)
		EndReloadAssembly (2341ms)
			LoadAssemblies (100ms)
			RebuildTransferFunctionScriptingTraits (0ms)
			SetupTypeCache (458ms)
			ReleaseScriptCaches (1ms)
			RebuildScriptCaches (72ms)
			SetupLoadedEditorAssemblies (1399ms)
				LogAssemblyErrors (0ms)
				InitializePlatformSupportModulesInManaged (12ms)
				SetLoadedEditorAssemblies (1ms)
				RefreshPlugins (3ms)
				BeforeProcessingInitializeOnLoad (230ms)
				ProcessInitializeOnLoadAttributes (718ms)
				ProcessInitializeOnLoadMethodAttributes (432ms)
				AfterProcessingInitializeOnLoad (2ms)
				EditorAssembliesLoaded (1ms)
			ExecutionOrderSort2 (0ms)
			AwakeInstancesAfterBackupRestoration (25ms)
Platform modules already initialized, skipping
Switching build target platform(2) subTarget(0) extendedPlatform(0) -> platform(9) subTarget(16777218) extendedPlatform(0)
Refreshing native plugins compatible for Editor in 1.67 ms, found 3 plugins.
Preloading 0 native plugins for Editor in 0.00 ms.
Unloading 2220 Unused Serialized files (Serialized files now loaded: 0)
System memory in use before: 291.2 MB.
System memory in use after: 291.4 MB.

Unloading 79 unused Assets to reduce memory usage. Loaded Objects now: 2673.
Total: 8.911234 ms (FindLiveObjects: 0.229546 ms CreateObjectMapping: 0.113199 ms MarkObjects: 8.520199 ms  DeleteObjects: 0.046951 ms)

AssetImportParameters requested are different than current active one (requested -> active):
  custom:video-decoder-ogg-theora: a1e56fd34408186e4bbccfd4996cb3dc -> 
  custom:container-muxer-webm: aa71ff27fc2769a1b78a27578f13a17b -> 
  custom:container-demuxer-webm: 4f35f7cbe854078d1ac9338744f61a02 -> 
  custom:container-demuxer-ogg: 62fdf1f143b41e24485cea50d1cbac27 -> 
  custom:video-encoder-webm-vp8: eb34c28f22e8b96e1ab97ce403110664 -> 
  custom:framework-osx-AVFoundation: e770b220cccbd017edd2c1fefb359320 -> 
  custom:video-decoder-webm-vp8: 9c59270c3fd7afecdb556c50c9e8de78 -> 
  custom:graphics/normal-map-encoding: 01000000000000000000000000000000 -> 02000000000000000000000000000000
  custom:audio-decoder-ogg-vorbis: bf7c407c2cedff20999df2af8eb42d56 -> 
  custom:audio-encoder-webm-vorbis: bf7c407c2cedff20999df2af8eb42d56 -> 
========================================================================
Received Prepare
Registering precompiled user dll's ...
Registered in 0.006003 seconds.
Begin MonoManager ReloadAssembly
Native extension for OSXStandalone target not found
Refreshing native plugins compatible for Editor in 1.65 ms, found 3 plugins.
Preloading 0 native plugins for Editor in 0.00 ms.
2022-04-05 12:45:14.989 Unity[5140:90151] NSEventModifierFlagFunction specified to -setKeyEquivalentModifierMask: for item <NSMenuItem: 0x600003f0aed0 Font Asset, ke='Command-F12'>, but is only supported for system-provided menu items; will not be used
Mono: successfully reloaded assembly
- Completed reload, in  1.754 seconds
Domain Reload Profiling:
	ReloadAssembly (1754ms)
		BeginReloadAssembly (146ms)
			ExecutionOrderSort (0ms)
			DisableScriptedObjects (6ms)
			BackupInstance (0ms)
			ReleaseScriptingObjects (0ms)
			CreateAndSetChildDomain (67ms)
		EndReloadAssembly (1526ms)
			LoadAssemblies (107ms)
			RebuildTransferFunctionScriptingTraits (0ms)
			SetupTypeCache (496ms)
			ReleaseScriptCaches (1ms)
			RebuildScriptCaches (80ms)
			SetupLoadedEditorAssemblies (652ms)
				LogAssemblyErrors (0ms)
				InitializePlatformSupportModulesInManaged (9ms)
				SetLoadedEditorAssemblies (1ms)
				RefreshPlugins (2ms)
				BeforeProcessingInitializeOnLoad (189ms)
				ProcessInitializeOnLoadAttributes (356ms)
				ProcessInitializeOnLoadMethodAttributes (92ms)
				AfterProcessingInitializeOnLoad (4ms)
				EditorAssembliesLoaded (0ms)
			ExecutionOrderSort2 (0ms)
			AwakeInstancesAfterBackupRestoration (11ms)
Platform modules already initialized, skipping
Switching build target platform(2) subTarget(0) extendedPlatform(0) -> platform(9) subTarget(16777218) extendedPlatform(0)
Refreshing native plugins compatible for Editor in 1.45 ms, found 3 plugins.
Preloading 0 native plugins for Editor in 0.00 ms.
Unloading 2220 Unused Serialized files (Serialized files now loaded: 0)
System memory in use before: 291.3 MB.
System memory in use after: 291.5 MB.

Unloading 79 unused Assets to reduce memory usage. Loaded Objects now: 2675.
Total: 7.469673 ms (FindLiveObjects: 0.222709 ms CreateObjectMapping: 0.098997 ms MarkObjects: 7.104137 ms  DeleteObjects: 0.042843 ms)

AssetImportParameters requested are different than current active one (requested -> active):
  custom:video-decoder-ogg-theora: a1e56fd34408186e4bbccfd4996cb3dc -> 
  custom:container-muxer-webm: aa71ff27fc2769a1b78a27578f13a17b -> 
  custom:container-demuxer-webm: 4f35f7cbe854078d1ac9338744f61a02 -> 
  custom:container-demuxer-ogg: 62fdf1f143b41e24485cea50d1cbac27 -> 
  custom:video-encoder-webm-vp8: eb34c28f22e8b96e1ab97ce403110664 -> 
  custom:framework-osx-AVFoundation: e770b220cccbd017edd2c1fefb359320 -> 
  custom:video-decoder-webm-vp8: 9c59270c3fd7afecdb556c50c9e8de78 -> 
  custom:graphics/normal-map-encoding: 01000000000000000000000000000000 -> 02000000000000000000000000000000
  custom:audio-decoder-ogg-vorbis: bf7c407c2cedff20999df2af8eb42d56 -> 
  custom:audio-encoder-webm-vorbis: bf7c407c2cedff20999df2af8eb42d56 -> 
========================================================================
Received Prepare
Registering precompiled user dll's ...
Registered in 0.009034 seconds.
Begin MonoManager ReloadAssembly
Native extension for OSXStandalone target not found
Refreshing native plugins compatible for Editor in 1.49 ms, found 3 plugins.
Preloading 0 native plugins for Editor in 0.00 ms.
2022-04-05 12:46:21.427 Unity[5140:90151] NSEventModifierFlagFunction specified to -setKeyEquivalentModifierMask: for item <NSMenuItem: 0x600003f019d0 Font Asset, ke='Command-F12'>, but is only supported for system-provided menu items; will not be used
Mono: successfully reloaded assembly
- Completed reload, in  1.587 seconds
Domain Reload Profiling:
	ReloadAssembly (1588ms)
		BeginReloadAssembly (135ms)
			ExecutionOrderSort (0ms)
			DisableScriptedObjects (6ms)
			BackupInstance (0ms)
			ReleaseScriptingObjects (0ms)
			CreateAndSetChildDomain (61ms)
		EndReloadAssembly (1376ms)
			LoadAssemblies (100ms)
			RebuildTransferFunctionScriptingTraits (0ms)
			SetupTypeCache (457ms)
			ReleaseScriptCaches (1ms)
			RebuildScriptCaches (72ms)
			SetupLoadedEditorAssemblies (576ms)
				LogAssemblyErrors (0ms)
				InitializePlatformSupportModulesInManaged (6ms)
				SetLoadedEditorAssemblies (1ms)
				RefreshPlugins (2ms)
				BeforeProcessingInitializeOnLoad (165ms)
				ProcessInitializeOnLoadAttributes (315ms)
				ProcessInitializeOnLoadMethodAttributes (84ms)
				AfterProcessingInitializeOnLoad (3ms)
				EditorAssembliesLoaded (0ms)
			ExecutionOrderSort2 (0ms)
			AwakeInstancesAfterBackupRestoration (10ms)
Platform modules already initialized, skipping
Switching build target platform(2) subTarget(0) extendedPlatform(0) -> platform(9) subTarget(16777218) extendedPlatform(0)
Refreshing native plugins compatible for Editor in 1.40 ms, found 3 plugins.
Preloading 0 native plugins for Editor in 0.00 ms.
Unloading 2220 Unused Serialized files (Serialized files now loaded: 0)
System memory in use before: 291.6 MB.
System memory in use after: 291.8 MB.

Unloading 79 unused Assets to reduce memory usage. Loaded Objects now: 2677.
Total: 8.720891 ms (FindLiveObjects: 0.285963 ms CreateObjectMapping: 0.136221 ms MarkObjects: 8.254138 ms  DeleteObjects: 0.043262 ms)

AssetImportParameters requested are different than current active one (requested -> active):
  custom:video-decoder-ogg-theora: a1e56fd34408186e4bbccfd4996cb3dc -> 
  custom:container-muxer-webm: aa71ff27fc2769a1b78a27578f13a17b -> 
  custom:container-demuxer-webm: 4f35f7cbe854078d1ac9338744f61a02 -> 
  custom:container-demuxer-ogg: 62fdf1f143b41e24485cea50d1cbac27 -> 
  custom:video-encoder-webm-vp8: eb34c28f22e8b96e1ab97ce403110664 -> 
  custom:framework-osx-AVFoundation: e770b220cccbd017edd2c1fefb359320 -> 
  custom:video-decoder-webm-vp8: 9c59270c3fd7afecdb556c50c9e8de78 -> 
  custom:graphics/normal-map-encoding: 01000000000000000000000000000000 -> 02000000000000000000000000000000
  custom:audio-decoder-ogg-vorbis: bf7c407c2cedff20999df2af8eb42d56 -> 
  custom:audio-encoder-webm-vorbis: bf7c407c2cedff20999df2af8eb42d56 -> 
========================================================================
Received Prepare
Registering precompiled user dll's ...
Registered in 0.004590 seconds.
Begin MonoManager ReloadAssembly
Native extension for OSXStandalone target not found
Refreshing native plugins compatible for Editor in 2.73 ms, found 3 plugins.
Preloading 0 native plugins for Editor in 0.00 ms.
2022-04-05 12:46:43.480 Unity[5140:90151] NSEventModifierFlagFunction specified to -setKeyEquivalentModifierMask: for item <NSMenuItem: 0x600003f01d50 Font Asset, ke='Command-F12'>, but is only supported for system-provided menu items; will not be used
Mono: successfully reloaded assembly
- Completed reload, in  2.011 seconds
Domain Reload Profiling:
	ReloadAssembly (2012ms)
		BeginReloadAssembly (155ms)
			ExecutionOrderSort (0ms)
			DisableScriptedObjects (6ms)
			BackupInstance (0ms)
			ReleaseScriptingObjects (0ms)
			CreateAndSetChildDomain (71ms)
		EndReloadAssembly (1760ms)
			LoadAssemblies (122ms)
			RebuildTransferFunctionScriptingTraits (0ms)
			SetupTypeCache (591ms)
			ReleaseScriptCaches (2ms)
			RebuildScriptCaches (100ms)
			SetupLoadedEditorAssemblies (713ms)
				LogAssemblyErrors (0ms)
				InitializePlatformSupportModulesInManaged (9ms)
				SetLoadedEditorAssemblies (1ms)
				RefreshPlugins (3ms)
				BeforeProcessingInitializeOnLoad (217ms)
				ProcessInitializeOnLoadAttributes (378ms)
				ProcessInitializeOnLoadMethodAttributes (103ms)
				AfterProcessingInitializeOnLoad (1ms)
				EditorAssembliesLoaded (0ms)
			ExecutionOrderSort2 (0ms)
			AwakeInstancesAfterBackupRestoration (12ms)
Platform modules already initialized, skipping
Switching build target platform(2) subTarget(0) extendedPlatform(0) -> platform(9) subTarget(16777218) extendedPlatform(0)
Refreshing native plugins compatible for Editor in 2.48 ms, found 3 plugins.
Preloading 0 native plugins for Editor in 0.00 ms.
Unloading 2220 Unused Serialized files (Serialized files now loaded: 0)
System memory in use before: 291.8 MB.
System memory in use after: 292.0 MB.

Unloading 79 unused Assets to reduce memory usage. Loaded Objects now: 2679.
Total: 9.395947 ms (FindLiveObjects: 0.250156 ms CreateObjectMapping: 0.137574 ms MarkObjects: 8.955142 ms  DeleteObjects: 0.051728 ms)

AssetImportParameters requested are different than current active one (requested -> active):
  custom:video-decoder-ogg-theora: a1e56fd34408186e4bbccfd4996cb3dc -> 
  custom:container-muxer-webm: aa71ff27fc2769a1b78a27578f13a17b -> 
  custom:container-demuxer-webm: 4f35f7cbe854078d1ac9338744f61a02 -> 
  custom:container-demuxer-ogg: 62fdf1f143b41e24485cea50d1cbac27 -> 
  custom:video-encoder-webm-vp8: eb34c28f22e8b96e1ab97ce403110664 -> 
  custom:framework-osx-AVFoundation: e770b220cccbd017edd2c1fefb359320 -> 
  custom:video-decoder-webm-vp8: 9c59270c3fd7afecdb556c50c9e8de78 -> 
  custom:graphics/normal-map-encoding: 01000000000000000000000000000000 -> 02000000000000000000000000000000
  custom:audio-decoder-ogg-vorbis: bf7c407c2cedff20999df2af8eb42d56 -> 
  custom:audio-encoder-webm-vorbis: bf7c407c2cedff20999df2af8eb42d56 -> 
========================================================================
Received Prepare
Registering precompiled user dll's ...
Registered in 0.010689 seconds.
Begin MonoManager ReloadAssembly
Native extension for OSXStandalone target not found
Refreshing native plugins compatible for Editor in 1.56 ms, found 3 plugins.
Preloading 0 native plugins for Editor in 0.00 ms.
2022-04-05 12:46:56.567 Unity[5140:90151] NSEventModifierFlagFunction specified to -setKeyEquivalentModifierMask: for item <NSMenuItem: 0x600003f0aa00 Font Asset, ke='Command-F12'>, but is only supported for system-provided menu items; will not be used
Mono: successfully reloaded assembly
- Completed reload, in  1.764 seconds
Domain Reload Profiling:
	ReloadAssembly (1765ms)
		BeginReloadAssembly (151ms)
			ExecutionOrderSort (0ms)
			DisableScriptedObjects (6ms)
			BackupInstance (0ms)
			ReleaseScriptingObjects (0ms)
			CreateAndSetChildDomain (63ms)
		EndReloadAssembly (1522ms)
			LoadAssemblies (120ms)
			RebuildTransferFunctionScriptingTraits (0ms)
			SetupTypeCache (515ms)
			ReleaseScriptCaches (1ms)
			RebuildScriptCaches (70ms)
			SetupLoadedEditorAssemblies (634ms)
				LogAssemblyErrors (0ms)
				InitializePlatformSupportModulesInManaged (6ms)
				SetLoadedEditorAssemblies (1ms)
				RefreshPlugins (2ms)
				BeforeProcessingInitializeOnLoad (173ms)
				ProcessInitializeOnLoadAttributes (349ms)
				ProcessInitializeOnLoadMethodAttributes (102ms)
				AfterProcessingInitializeOnLoad (1ms)
				EditorAssembliesLoaded (0ms)
			ExecutionOrderSort2 (0ms)
			AwakeInstancesAfterBackupRestoration (11ms)
Platform modules already initialized, skipping
Switching build target platform(2) subTarget(0) extendedPlatform(0) -> platform(9) subTarget(16777218) extendedPlatform(0)
Refreshing native plugins compatible for Editor in 1.44 ms, found 3 plugins.
Preloading 0 native plugins for Editor in 0.00 ms.
Unloading 2220 Unused Serialized files (Serialized files now loaded: 0)
System memory in use before: 292.0 MB.
System memory in use after: 292.2 MB.

Unloading 79 unused Assets to reduce memory usage. Loaded Objects now: 2681.
Total: 7.742151 ms (FindLiveObjects: 0.270243 ms CreateObjectMapping: 0.220687 ms MarkObjects: 7.198784 ms  DeleteObjects: 0.051255 ms)

AssetImportParameters requested are different than current active one (requested -> active):
  custom:video-decoder-ogg-theora: a1e56fd34408186e4bbccfd4996cb3dc -> 
  custom:container-muxer-webm: aa71ff27fc2769a1b78a27578f13a17b -> 
  custom:container-demuxer-webm: 4f35f7cbe854078d1ac9338744f61a02 -> 
  custom:container-demuxer-ogg: 62fdf1f143b41e24485cea50d1cbac27 -> 
  custom:video-encoder-webm-vp8: eb34c28f22e8b96e1ab97ce403110664 -> 
  custom:framework-osx-AVFoundation: e770b220cccbd017edd2c1fefb359320 -> 
  custom:video-decoder-webm-vp8: 9c59270c3fd7afecdb556c50c9e8de78 -> 
  custom:graphics/normal-map-encoding: 01000000000000000000000000000000 -> 02000000000000000000000000000000
  custom:audio-decoder-ogg-vorbis: bf7c407c2cedff20999df2af8eb42d56 -> 
  custom:audio-encoder-webm-vorbis: bf7c407c2cedff20999df2af8eb42d56 -> 
========================================================================
Received Prepare
Refreshing native plugins compatible for Editor in 13.63 ms, found 3 plugins.
Preloading 0 native plugins for Editor in 0.00 ms.
Unloading 76 Unused Serialized files (Serialized files now loaded: 0)
System memory in use before: 250.1 MB.
System memory in use after: 250.3 MB.

Unloading 76 unused Assets to reduce memory usage. Loaded Objects now: 2681.
Total: 9.305283 ms (FindLiveObjects: 0.233215 ms CreateObjectMapping: 0.123594 ms MarkObjects: 8.907548 ms  DeleteObjects: 0.039786 ms)

AssetImportParameters requested are different than current active one (requested -> active):
  custom:video-decoder-ogg-theora: a1e56fd34408186e4bbccfd4996cb3dc -> 
  custom:container-muxer-webm: aa71ff27fc2769a1b78a27578f13a17b -> 
  custom:container-demuxer-webm: 4f35f7cbe854078d1ac9338744f61a02 -> 
  custom:container-demuxer-ogg: 62fdf1f143b41e24485cea50d1cbac27 -> 
  custom:video-encoder-webm-vp8: eb34c28f22e8b96e1ab97ce403110664 -> 
  custom:framework-osx-AVFoundation: e770b220cccbd017edd2c1fefb359320 -> 
  custom:video-decoder-webm-vp8: 9c59270c3fd7afecdb556c50c9e8de78 -> 
  custom:audio-decoder-ogg-vorbis: bf7c407c2cedff20999df2af8eb42d56 -> 
  custom:audio-encoder-webm-vorbis: bf7c407c2cedff20999df2af8eb42d56 -> 
========================================================================
Received Import Request.
  Time since last request: 1856.359556 seconds.
  path: Assets/AppleAuthSample/GameMenuHandler.cs
  artifactKey: Guid(d343512f31e434b59bfd493668eca382) Importer(815301076,1909f56bfc062723c751e8b465ee728b)
Start importing Assets/AppleAuthSample/GameMenuHandler.cs using Guid(d343512f31e434b59bfd493668eca382) Importer(815301076,1909f56bfc062723c751e8b465ee728b)  -> (artifact id: 'db36cca72d71c8bd234aaf4f32fbebf5') in 0.051045 seconds 
========================================================================
Received Import Request.
  Time since last request: 351.364025 seconds.
  path: Assets/KSM/Scripts/Server
  artifactKey: Guid(5df141a8c1672424492458180b9055f6) Importer(815301076,1909f56bfc062723c751e8b465ee728b)
Start importing Assets/KSM/Scripts/Server using Guid(5df141a8c1672424492458180b9055f6) Importer(815301076,1909f56bfc062723c751e8b465ee728b)  -> (artifact id: 'e865d6ffbf4df5588a872d656e0ae7f9') in 0.002528 seconds 
========================================================================
Received Import Request.
  Time since last request: 1.074889 seconds.
  path: Assets/KSM/Scripts/Server/BackendMatch.cs
  artifactKey: Guid(61a05260464fa97459b1e6a2d9e62bd4) Importer(815301076,1909f56bfc062723c751e8b465ee728b)
Start importing Assets/KSM/Scripts/Server/BackendMatch.cs using Guid(61a05260464fa97459b1e6a2d9e62bd4) Importer(815301076,1909f56bfc062723c751e8b465ee728b)  -> (artifact id: '1f8d92892bd78c3789b19d556a5367e9') in 0.002485 seconds 
========================================================================
Received Import Request.
  Time since last request: 0.559865 seconds.
  path: Assets/KSM/Scripts/Server/BackendMatchManager.cs
  artifactKey: Guid(7ee7cca822d12164da66db4cece95521) Importer(815301076,1909f56bfc062723c751e8b465ee728b)
Start importing Assets/KSM/Scripts/Server/BackendMatchManager.cs using Guid(7ee7cca822d12164da66db4cece95521) Importer(815301076,1909f56bfc062723c751e8b465ee728b)  -> (artifact id: '94239d29faf2caaa79e118756652355c') in 0.002257 seconds 
========================================================================
Received Import Request.
  Time since last request: 619.245320 seconds.
  path: Assets/AppleAuth/IAppleAuthManager.cs
  artifactKey: Guid(8bab6e87f1e5b4a38a372f0346cda176) Importer(815301076,1909f56bfc062723c751e8b465ee728b)
Start importing Assets/AppleAuth/IAppleAuthManager.cs using Guid(8bab6e87f1e5b4a38a372f0346cda176) Importer(815301076,1909f56bfc062723c751e8b465ee728b)  -> (artifact id: '2d009f281f0ab47cced058b6c3944716') in 0.002274 seconds 
========================================================================
Received Import Request.
  Time since last request: 9.936200 seconds.
  path: Assets/AppleAuth/Enums
  artifactKey: Guid(932abca36e8644290a74701cbd118268) Importer(815301076,1909f56bfc062723c751e8b465ee728b)
Start importing Assets/AppleAuth/Enums using Guid(932abca36e8644290a74701cbd118268) Importer(815301076,1909f56bfc062723c751e8b465ee728b)  -> (artifact id: 'aeddec6c4f7b3c6f0551be6f8b4f3431') in 0.006529 seconds 
========================================================================
Received Import Request.
  Time since last request: 0.452295 seconds.
  path: Assets/AppleAuth/Editor
  artifactKey: Guid(9d2fa333a77c745fe8752ca94d41779f) Importer(815301076,1909f56bfc062723c751e8b465ee728b)
Start importing Assets/AppleAuth/Editor using Guid(9d2fa333a77c745fe8752ca94d41779f) Importer(815301076,1909f56bfc062723c751e8b465ee728b)  -> (artifact id: '77b496b46ec562d731e21b1c63fdb89a') in 0.006352 seconds 
========================================================================
Received Import Request.
  Time since last request: 0.872603 seconds.
  path: Assets/AppleAuth/Extensions
  artifactKey: Guid(e1c9a1626aa114777a15f069a203fda4) Importer(815301076,1909f56bfc062723c751e8b465ee728b)
Start importing Assets/AppleAuth/Extensions using Guid(e1c9a1626aa114777a15f069a203fda4) Importer(815301076,1909f56bfc062723c751e8b465ee728b)  -> (artifact id: '4fd01fe2862263dadbdd2a45a37ad90d') in 0.006577 seconds 
========================================================================
Received Import Request.
  Time since last request: 1.241457 seconds.
  path: Assets/AppleAuth/Interfaces
  artifactKey: Guid(b4573b7b8e1474ab29d1b894d0f02787) Importer(815301076,1909f56bfc062723c751e8b465ee728b)
Start importing Assets/AppleAuth/Interfaces using Guid(b4573b7b8e1474ab29d1b894d0f02787) Importer(815301076,1909f56bfc062723c751e8b465ee728b)  -> (artifact id: '136c81f3ab289232a59632d03bf9334b') in 0.006299 seconds 
========================================================================
Received Import Request.
  Time since last request: 0.557078 seconds.
  path: Assets/AppleAuth/package.json
  artifactKey: Guid(b78cf518d23ce49d1996efcd91b8b00a) Importer(815301076,1909f56bfc062723c751e8b465ee728b)
Start importing Assets/AppleAuth/package.json using Guid(b78cf518d23ce49d1996efcd91b8b00a) Importer(815301076,1909f56bfc062723c751e8b465ee728b)  -> (artifact id: 'e2c670244711ee9db25e11bc9bb80fea') in 1.873739 seconds 
========================================================================
Received Import Request.
  Time since last request: 0.000446 seconds.
  path: Assets/AppleAuth/Native
  artifactKey: Guid(0b4db2f18400848a1870f020c35193c3) Importer(815301076,1909f56bfc062723c751e8b465ee728b)
Start importing Assets/AppleAuth/Native using Guid(0b4db2f18400848a1870f020c35193c3) Importer(815301076,1909f56bfc062723c751e8b465ee728b)  -> (artifact id: 'a28d79869ab3139520a9458e0d593341') in 0.001489 seconds 
========================================================================
Received Import Request.
  Time since last request: 69.898013 seconds.
  path: Assets/KSM/Unity Technologies/SignInWithApple
  artifactKey: Guid(542241069a90544baa3754ff79c4b1aa) Importer(815301076,1909f56bfc062723c751e8b465ee728b)
Start importing Assets/KSM/Unity Technologies/SignInWithApple using Guid(542241069a90544baa3754ff79c4b1aa) Importer(815301076,1909f56bfc062723c751e8b465ee728b)  -> (artifact id: '3228de7e1400a661111f3efa6644b08b') in 0.006769 seconds 
========================================================================
Received Import Request.
  Time since last request: 0.751371 seconds.
  path: Assets/KSM/Unity Technologies/SignInWithApple/Scripts
  artifactKey: Guid(97a04efd3cdc4470d9f1cb794205bf37) Importer(815301076,1909f56bfc062723c751e8b465ee728b)
Start importing Assets/KSM/Unity Technologies/SignInWithApple/Scripts using Guid(97a04efd3cdc4470d9f1cb794205bf37) Importer(815301076,1909f56bfc062723c751e8b465ee728b)  -> (artifact id: '22dd840c54249d36dce819f2cbe93919') in 0.006338 seconds 
========================================================================
Received Import Request.
  Time since last request: 1.162786 seconds.
  path: Assets/KSM/Unity Technologies/SignInWithApple/UnitySignInWithApple.m
  artifactKey: Guid(1620ed796125a46a0ba04c2a4de7b6fe) Importer(815301076,1909f56bfc062723c751e8b465ee728b)
Start importing Assets/KSM/Unity Technologies/SignInWithApple/UnitySignInWithApple.m using Guid(1620ed796125a46a0ba04c2a4de7b6fe) Importer(815301076,1909f56bfc062723c751e8b465ee728b)  -> (artifact id: '696164589241736d312e1023be3bc0ae') in 1.768076 seconds 
========================================================================
Received Import Request.
  Time since last request: 2.288902 seconds.
  path: Assets/KSM/Unity Technologies/SignInWithApple/Scripts/SignInWithApple.cs
  artifactKey: Guid(dcc458c9feb3046399eeec6753094046) Importer(815301076,1909f56bfc062723c751e8b465ee728b)
Start importing Assets/KSM/Unity Technologies/SignInWithApple/Scripts/SignInWithApple.cs using Guid(dcc458c9feb3046399eeec6753094046) Importer(815301076,1909f56bfc062723c751e8b465ee728b)  -> (artifact id: 'ffe2e87018d99824f896029fb95cb38a') in 0.004828 seconds 
========================================================================
Received Prepare
Registering precompiled user dll's ...
Registered in 0.009394 seconds.
Begin MonoManager ReloadAssembly
Native extension for OSXStandalone target not found
Refreshing native plugins compatible for Editor in 2.43 ms, found 3 plugins.
Preloading 0 native plugins for Editor in 0.00 ms.
2022-04-05 13:53:09.131 Unity[5140:90151] NSEventModifierFlagFunction specified to -setKeyEquivalentModifierMask: for item <NSMenuItem: 0x600003f68e70 Font Asset, ke='Command-F12'>, but is only supported for system-provided menu items; will not be used
Mono: successfully reloaded assembly
- Completed reload, in  2.010 seconds
Domain Reload Profiling:
	ReloadAssembly (2011ms)
		BeginReloadAssembly (247ms)
			ExecutionOrderSort (0ms)
			DisableScriptedObjects (10ms)
			BackupInstance (0ms)
			ReleaseScriptingObjects (0ms)
			CreateAndSetChildDomain (129ms)
		EndReloadAssembly (1667ms)
			LoadAssemblies (147ms)
			RebuildTransferFunctionScriptingTraits (0ms)
			SetupTypeCache (536ms)
			ReleaseScriptCaches (1ms)
			RebuildScriptCaches (66ms)
			SetupLoadedEditorAssemblies (736ms)
				LogAssemblyErrors (0ms)
				InitializePlatformSupportModulesInManaged (9ms)
				SetLoadedEditorAssemblies (1ms)
				RefreshPlugins (3ms)
				BeforeProcessingInitializeOnLoad (167ms)
				ProcessInitializeOnLoadAttributes (440ms)
				ProcessInitializeOnLoadMethodAttributes (115ms)
				AfterProcessingInitializeOnLoad (1ms)
				EditorAssembliesLoaded (0ms)
			ExecutionOrderSort2 (0ms)
			AwakeInstancesAfterBackupRestoration (11ms)
Platform modules already initialized, skipping
Switching build target platform(2) subTarget(0) extendedPlatform(0) -> platform(9) subTarget(16777218) extendedPlatform(0)
Refreshing native plugins compatible for Editor in 1.77 ms, found 3 plugins.
Preloading 0 native plugins for Editor in 0.00 ms.
Unloading 2220 Unused Serialized files (Serialized files now loaded: 0)
System memory in use before: 300.5 MB.
System memory in use after: 300.7 MB.

Unloading 79 unused Assets to reduce memory usage. Loaded Objects now: 2683.
Total: 7.778638 ms (FindLiveObjects: 0.274234 ms CreateObjectMapping: 0.104456 ms MarkObjects: 7.343833 ms  DeleteObjects: 0.053701 ms)

AssetImportParameters requested are different than current active one (requested -> active):
  custom:video-decoder-ogg-theora: a1e56fd34408186e4bbccfd4996cb3dc -> 
  custom:container-muxer-webm: aa71ff27fc2769a1b78a27578f13a17b -> 
  custom:container-demuxer-webm: 4f35f7cbe854078d1ac9338744f61a02 -> 
  custom:container-demuxer-ogg: 62fdf1f143b41e24485cea50d1cbac27 -> 
  custom:video-encoder-webm-vp8: eb34c28f22e8b96e1ab97ce403110664 -> 
  custom:framework-osx-AVFoundation: e770b220cccbd017edd2c1fefb359320 -> 
  custom:video-decoder-webm-vp8: 9c59270c3fd7afecdb556c50c9e8de78 -> 
  custom:graphics/normal-map-encoding: 01000000000000000000000000000000 -> 02000000000000000000000000000000
  custom:audio-decoder-ogg-vorbis: bf7c407c2cedff20999df2af8eb42d56 -> 
  custom:audio-encoder-webm-vorbis: bf7c407c2cedff20999df2af8eb42d56 -> 
========================================================================
Received Prepare
Refreshing native plugins compatible for Editor in 13.60 ms, found 3 plugins.
Preloading 0 native plugins for Editor in 0.00 ms.
Unloading 76 Unused Serialized files (Serialized files now loaded: 0)
System memory in use before: 258.6 MB.
System memory in use after: 258.8 MB.

Unloading 76 unused Assets to reduce memory usage. Loaded Objects now: 2683.
Total: 8.610564 ms (FindLiveObjects: 0.243532 ms CreateObjectMapping: 0.090824 ms MarkObjects: 8.236927 ms  DeleteObjects: 0.037980 ms)

AssetImportParameters requested are different than current active one (requested -> active):
  custom:video-decoder-ogg-theora: a1e56fd34408186e4bbccfd4996cb3dc -> 
  custom:container-muxer-webm: aa71ff27fc2769a1b78a27578f13a17b -> 
  custom:container-demuxer-webm: 4f35f7cbe854078d1ac9338744f61a02 -> 
  custom:container-demuxer-ogg: 62fdf1f143b41e24485cea50d1cbac27 -> 
  custom:video-encoder-webm-vp8: eb34c28f22e8b96e1ab97ce403110664 -> 
  custom:framework-osx-AVFoundation: e770b220cccbd017edd2c1fefb359320 -> 
  custom:video-decoder-webm-vp8: 9c59270c3fd7afecdb556c50c9e8de78 -> 
  custom:audio-decoder-ogg-vorbis: bf7c407c2cedff20999df2af8eb42d56 -> 
  custom:audio-encoder-webm-vorbis: bf7c407c2cedff20999df2af8eb42d56 -> 
========================================================================
Received Prepare
Registering precompiled user dll's ...
Registered in 0.010019 seconds.
Begin MonoManager ReloadAssembly
Native extension for OSXStandalone target not found
Refreshing native plugins compatible for Editor in 1.76 ms, found 3 plugins.
Preloading 0 native plugins for Editor in 0.00 ms.
2022-04-05 14:01:40.619 Unity[5140:90151] NSEventModifierFlagFunction specified to -setKeyEquivalentModifierMask: for item <NSMenuItem: 0x600003f02290 Font Asset, ke='Command-F12'>, but is only supported for system-provided menu items; will not be used
Mono: successfully reloaded assembly
- Completed reload, in  1.755 seconds
Domain Reload Profiling:
	ReloadAssembly (1756ms)
		BeginReloadAssembly (161ms)
			ExecutionOrderSort (0ms)
			DisableScriptedObjects (9ms)
			BackupInstance (0ms)
			ReleaseScriptingObjects (0ms)
			CreateAndSetChildDomain (76ms)
		EndReloadAssembly (1516ms)
			LoadAssemblies (105ms)
			RebuildTransferFunctionScriptingTraits (0ms)
			SetupTypeCache (441ms)
			ReleaseScriptCaches (2ms)
			RebuildScriptCaches (73ms)
			SetupLoadedEditorAssemblies (697ms)
				LogAssemblyErrors (0ms)
				InitializePlatformSupportModulesInManaged (5ms)
				SetLoadedEditorAssemblies (1ms)
				RefreshPlugins (2ms)
				BeforeProcessingInitializeOnLoad (183ms)
				ProcessInitializeOnLoadAttributes (394ms)
				ProcessInitializeOnLoadMethodAttributes (110ms)
				AfterProcessingInitializeOnLoad (1ms)
				EditorAssembliesLoaded (1ms)
			ExecutionOrderSort2 (0ms)
			AwakeInstancesAfterBackupRestoration (10ms)
Platform modules already initialized, skipping
Switching build target platform(2) subTarget(0) extendedPlatform(0) -> platform(9) subTarget(16777218) extendedPlatform(0)
Refreshing native plugins compatible for Editor in 1.50 ms, found 3 plugins.
Preloading 0 native plugins for Editor in 0.00 ms.
Unloading 2220 Unused Serialized files (Serialized files now loaded: 0)
System memory in use before: 300.6 MB.
System memory in use after: 300.8 MB.

Unloading 79 unused Assets to reduce memory usage. Loaded Objects now: 2685.
Total: 7.637187 ms (FindLiveObjects: 0.220691 ms CreateObjectMapping: 0.096039 ms MarkObjects: 7.275514 ms  DeleteObjects: 0.043212 ms)

AssetImportParameters requested are different than current active one (requested -> active):
  custom:video-decoder-ogg-theora: a1e56fd34408186e4bbccfd4996cb3dc -> 
  custom:container-muxer-webm: aa71ff27fc2769a1b78a27578f13a17b -> 
  custom:container-demuxer-webm: 4f35f7cbe854078d1ac9338744f61a02 -> 
  custom:container-demuxer-ogg: 62fdf1f143b41e24485cea50d1cbac27 -> 
  custom:video-encoder-webm-vp8: eb34c28f22e8b96e1ab97ce403110664 -> 
  custom:framework-osx-AVFoundation: e770b220cccbd017edd2c1fefb359320 -> 
  custom:video-decoder-webm-vp8: 9c59270c3fd7afecdb556c50c9e8de78 -> 
  custom:graphics/normal-map-encoding: 01000000000000000000000000000000 -> 02000000000000000000000000000000
  custom:audio-decoder-ogg-vorbis: bf7c407c2cedff20999df2af8eb42d56 -> 
  custom:audio-encoder-webm-vorbis: bf7c407c2cedff20999df2af8eb42d56 -> 
========================================================================
Received Prepare
Refreshing native plugins compatible for Editor in 36.51 ms, found 3 plugins.
Preloading 0 native plugins for Editor in 0.00 ms.
Unloading 76 Unused Serialized files (Serialized files now loaded: 0)
System memory in use before: 258.7 MB.
System memory in use after: 258.9 MB.

Unloading 76 unused Assets to reduce memory usage. Loaded Objects now: 2685.
Total: 8.943511 ms (FindLiveObjects: 0.227944 ms CreateObjectMapping: 0.118373 ms MarkObjects: 8.545606 ms  DeleteObjects: 0.050676 ms)

AssetImportParameters requested are different than current active one (requested -> active):
  custom:video-decoder-ogg-theora: a1e56fd34408186e4bbccfd4996cb3dc -> 
  custom:container-muxer-webm: aa71ff27fc2769a1b78a27578f13a17b -> 
  custom:container-demuxer-webm: 4f35f7cbe854078d1ac9338744f61a02 -> 
  custom:container-demuxer-ogg: 62fdf1f143b41e24485cea50d1cbac27 -> 
  custom:video-encoder-webm-vp8: eb34c28f22e8b96e1ab97ce403110664 -> 
  custom:framework-osx-AVFoundation: e770b220cccbd017edd2c1fefb359320 -> 
  custom:video-decoder-webm-vp8: 9c59270c3fd7afecdb556c50c9e8de78 -> 
  custom:audio-decoder-ogg-vorbis: bf7c407c2cedff20999df2af8eb42d56 -> 
  custom:audio-encoder-webm-vorbis: bf7c407c2cedff20999df2af8eb42d56 -> 
========================================================================
Received Prepare
Registering precompiled user dll's ...
Registered in 0.016454 seconds.
Begin MonoManager ReloadAssembly
Native extension for OSXStandalone target not found
Refreshing native plugins compatible for Editor in 1.83 ms, found 3 plugins.
Preloading 0 native plugins for Editor in 0.00 ms.
2022-04-05 14:26:49.691 Unity[5140:90151] NSEventModifierFlagFunction specified to -setKeyEquivalentModifierMask: for item <NSMenuItem: 0x600003f157a0 Font Asset, ke='Command-F12'>, but is only supported for system-provided menu items; will not be used
Mono: successfully reloaded assembly
- Completed reload, in  2.122 seconds
Domain Reload Profiling:
	ReloadAssembly (2123ms)
		BeginReloadAssembly (240ms)
			ExecutionOrderSort (0ms)
			DisableScriptedObjects (8ms)
			BackupInstance (0ms)
			ReleaseScriptingObjects (0ms)
			CreateAndSetChildDomain (89ms)
		EndReloadAssembly (1779ms)
			LoadAssemblies (212ms)
			RebuildTransferFunctionScriptingTraits (0ms)
			SetupTypeCache (579ms)
			ReleaseScriptCaches (1ms)
			RebuildScriptCaches (86ms)
			SetupLoadedEditorAssemblies (718ms)
				LogAssemblyErrors (0ms)
				InitializePlatformSupportModulesInManaged (9ms)
				SetLoadedEditorAssemblies (1ms)
				RefreshPlugins (2ms)
				BeforeProcessingInitializeOnLoad (229ms)
				ProcessInitializeOnLoadAttributes (375ms)
				ProcessInitializeOnLoadMethodAttributes (100ms)
				AfterProcessingInitializeOnLoad (1ms)
				EditorAssembliesLoaded (0ms)
			ExecutionOrderSort2 (0ms)
			AwakeInstancesAfterBackupRestoration (11ms)
Platform modules already initialized, skipping
Switching build target platform(2) subTarget(0) extendedPlatform(0) -> platform(9) subTarget(16777218) extendedPlatform(0)
Refreshing native plugins compatible for Editor in 1.45 ms, found 3 plugins.
Preloading 0 native plugins for Editor in 0.00 ms.
Unloading 2220 Unused Serialized files (Serialized files now loaded: 0)
System memory in use before: 300.9 MB.
System memory in use after: 301.1 MB.

Unloading 79 unused Assets to reduce memory usage. Loaded Objects now: 2687.
Total: 11.012618 ms (FindLiveObjects: 0.225667 ms CreateObjectMapping: 0.111556 ms MarkObjects: 10.599441 ms  DeleteObjects: 0.071872 ms)

AssetImportParameters requested are different than current active one (requested -> active):
  custom:video-decoder-ogg-theora: a1e56fd34408186e4bbccfd4996cb3dc -> 
  custom:container-muxer-webm: aa71ff27fc2769a1b78a27578f13a17b -> 
  custom:container-demuxer-webm: 4f35f7cbe854078d1ac9338744f61a02 -> 
  custom:container-demuxer-ogg: 62fdf1f143b41e24485cea50d1cbac27 -> 
  custom:video-encoder-webm-vp8: eb34c28f22e8b96e1ab97ce403110664 -> 
  custom:framework-osx-AVFoundation: e770b220cccbd017edd2c1fefb359320 -> 
  custom:video-decoder-webm-vp8: 9c59270c3fd7afecdb556c50c9e8de78 -> 
  custom:graphics/normal-map-encoding: 01000000000000000000000000000000 -> 02000000000000000000000000000000
  custom:audio-decoder-ogg-vorbis: bf7c407c2cedff20999df2af8eb42d56 -> 
  custom:audio-encoder-webm-vorbis: bf7c407c2cedff20999df2af8eb42d56 -> 
========================================================================
Received Import Request.
  Time since last request: 3296.163565 seconds.
  path: Assets/KSM/Scripts/System
  artifactKey: Guid(111be8e8d410a87489a9e607d6bac11c) Importer(815301076,1909f56bfc062723c751e8b465ee728b)
Start importing Assets/KSM/Scripts/System using Guid(111be8e8d410a87489a9e607d6bac11c) Importer(815301076,1909f56bfc062723c751e8b465ee728b)  -> (artifact id: 'ca1f4261bfe7ddad93906e070c590bbd') in 0.005376 seconds 
========================================================================
Received Import Request.
  Time since last request: 0.633609 seconds.
  path: Assets/KSM/Scripts/System/InAppPurchaser.cs
  artifactKey: Guid(c3c4430e0fb5508428d419513af75550) Importer(815301076,1909f56bfc062723c751e8b465ee728b)
Start importing Assets/KSM/Scripts/System/InAppPurchaser.cs using Guid(c3c4430e0fb5508428d419513af75550) Importer(815301076,1909f56bfc062723c751e8b465ee728b)  -> (artifact id: '828e3993e4f18646500e2b1b22f9d10d') in 0.010091 seconds 
========================================================================
Received Import Request.
  Time since last request: 1820.788019 seconds.
  path: Assets/GUI PRO Kit - Simple Casual/Preview/001_Title.png
  artifactKey: Guid(159edc0e83a684f50af6c010388442b8) Importer(815301076,1909f56bfc062723c751e8b465ee728b)
Start importing Assets/GUI PRO Kit - Simple Casual/Preview/001_Title.png using Guid(159edc0e83a684f50af6c010388442b8) Importer(815301076,1909f56bfc062723c751e8b465ee728b)  -> (artifact id: 'c69fed5560bbfce24ef724a7c3b4756e') in 2.023941 seconds 
========================================================================
Received Import Request.
  Time since last request: 0.002772 seconds.
  path: Assets/GUI PRO Kit - Simple Casual/Preview/002_Item_icon_3.png
  artifactKey: Guid(4eb6c3fa7ebf34b5facbe87e1053c679) Importer(815301076,1909f56bfc062723c751e8b465ee728b)
Start importing Assets/GUI PRO Kit - Simple Casual/Preview/002_Item_icon_3.png using Guid(4eb6c3fa7ebf34b5facbe87e1053c679) Importer(815301076,1909f56bfc062723c751e8b465ee728b)  -> (artifact id: 'ac2c91c4a2fcdae9efb4958a67254af9') in 0.045720 seconds 
========================================================================
Received Import Request.
  Time since last request: 0.000348 seconds.
  path: Assets/GUI PRO Kit - Simple Casual/Preview/008_Component_5.png
  artifactKey: Guid(f2207ee0b448646bd9196e6713fb4e1c) Importer(815301076,1909f56bfc062723c751e8b465ee728b)
Start importing Assets/GUI PRO Kit - Simple Casual/Preview/008_Component_5.png using Guid(f2207ee0b448646bd9196e6713fb4e1c) Importer(815301076,1909f56bfc062723c751e8b465ee728b)  -> (artifact id: '5277cdde5e267268d3b45ffb47d805af') in 0.050180 seconds 
========================================================================
Received Import Request.
  Time since last request: 0.000395 seconds.
  path: Assets/GUI PRO Kit - Simple Casual/Preview/006_Component_3.png
  artifactKey: Guid(0e4295b700bab42baa85f9bbaa12bc92) Importer(815301076,1909f56bfc062723c751e8b465ee728b)
Start importing Assets/GUI PRO Kit - Simple Casual/Preview/006_Component_3.png using Guid(0e4295b700bab42baa85f9bbaa12bc92) Importer(815301076,1909f56bfc062723c751e8b465ee728b)  -> (artifact id: '339c38f5abf9d7e2f9fbf9c366f8278d') in 0.036122 seconds 
========================================================================
Received Import Request.
  Time since last request: 0.000356 seconds.
  path: Assets/GUI PRO Kit - Simple Casual/Preview/002_Item_icon_4.png
  artifactKey: Guid(0c8407e5e21704f4e929c100a0f52172) Importer(815301076,1909f56bfc062723c751e8b465ee728b)
Start importing Assets/GUI PRO Kit - Simple Casual/Preview/002_Item_icon_4.png using Guid(0c8407e5e21704f4e929c100a0f52172) Importer(815301076,1909f56bfc062723c751e8b465ee728b)  -> (artifact id: 'b37205af2548e82a3d6e08443d15746a') in 0.044482 seconds 
========================================================================
Received Import Request.
  Time since last request: 0.000325 seconds.
  path: Assets/GUI PRO Kit - Simple Casual/Preview/005_Component_2.png
  artifactKey: Guid(bd62381f9613f41fa91827d5446e6d27) Importer(815301076,1909f56bfc062723c751e8b465ee728b)
Start importing Assets/GUI PRO Kit - Simple Casual/Preview/005_Component_2.png using Guid(bd62381f9613f41fa91827d5446e6d27) Importer(815301076,1909f56bfc062723c751e8b465ee728b)  -> (artifact id: '56f183745100f555e10aa3a122de084f') in 0.035990 seconds 
========================================================================
Received Import Request.
  Time since last request: 0.000262 seconds.
  path: Assets/GUI PRO Kit - Simple Casual/Preview/004_Component_1.png
  artifactKey: Guid(a72f0c7e674e94a92883e12a15bfdd59) Importer(815301076,1909f56bfc062723c751e8b465ee728b)
Start importing Assets/GUI PRO Kit - Simple Casual/Preview/004_Component_1.png using Guid(a72f0c7e674e94a92883e12a15bfdd59) Importer(815301076,1909f56bfc062723c751e8b465ee728b)  -> (artifact id: 'f63b4598cc34dbf33d6a1b0a4bd1af8c') in 0.036661 seconds 
========================================================================
Received Import Request.
  Time since last request: 0.000359 seconds.
  path: Assets/GUI PRO Kit - Simple Casual/Preview/009_Title_Loading.png
  artifactKey: Guid(eca37b4962005474a84bb981af64cf6e) Importer(815301076,1909f56bfc062723c751e8b465ee728b)
Start importing Assets/GUI PRO Kit - Simple Casual/Preview/009_Title_Loading.png using Guid(eca37b4962005474a84bb981af64cf6e) Importer(815301076,1909f56bfc062723c751e8b465ee728b)  -> (artifact id: '02fc3e5f8e2e34089b05a01acd0f543c') in 0.042676 seconds 
========================================================================
Received Import Request.
  Time since last request: 0.000289 seconds.
  path: Assets/GUI PRO Kit - Simple Casual/Preview/002_Item_icon_2.png
  artifactKey: Guid(17fe82765c4e94373b0cdd0e3797e369) Importer(815301076,1909f56bfc062723c751e8b465ee728b)
Start importing Assets/GUI PRO Kit - Simple Casual/Preview/002_Item_icon_2.png using Guid(17fe82765c4e94373b0cdd0e3797e369) Importer(815301076,1909f56bfc062723c751e8b465ee728b)  -> (artifact id: 'fff2e2749731fc95a4a0dda9eb96c27e') in 0.035944 seconds 
========================================================================
Received Import Request.
  Time since last request: 0.000276 seconds.
  path: Assets/GUI PRO Kit - Simple Casual/Preview/011_Lobby_Tutorial_Focus.png
  artifactKey: Guid(66033662fea4844d0b3d0c90e5c8a8f3) Importer(815301076,1909f56bfc062723c751e8b465ee728b)
Start importing Assets/GUI PRO Kit - Simple Casual/Preview/011_Lobby_Tutorial_Focus.png using Guid(66033662fea4844d0b3d0c90e5c8a8f3) Importer(815301076,1909f56bfc062723c751e8b465ee728b)  -> (artifact id: 'f003fdb31680e449df6dcbda78314832') in 0.037934 seconds 
========================================================================
Received Import Request.
  Time since last request: 0.000332 seconds.
  path: Assets/GUI PRO Kit - Simple Casual/Preview/010_LoadingBar.png
  artifactKey: Guid(2ec90451b8c0243d38e4afb75cf39738) Importer(815301076,1909f56bfc062723c751e8b465ee728b)
Start importing Assets/GUI PRO Kit - Simple Casual/Preview/010_LoadingBar.png using Guid(2ec90451b8c0243d38e4afb75cf39738) Importer(815301076,1909f56bfc062723c751e8b465ee728b)  -> (artifact id: 'ee0b5970ff49db4d69be2059b5dda616') in 0.038933 seconds 
========================================================================
Received Import Request.
  Time since last request: 0.000324 seconds.
  path: Assets/GUI PRO Kit - Simple Casual/Preview/002_Item_icon_1.png
  artifactKey: Guid(40f204d0c77a24226bd16e0c178d7945) Importer(815301076,1909f56bfc062723c751e8b465ee728b)
Start importing Assets/GUI PRO Kit - Simple Casual/Preview/002_Item_icon_1.png using Guid(40f204d0c77a24226bd16e0c178d7945) Importer(815301076,1909f56bfc062723c751e8b465ee728b)  -> (artifact id: 'c09fd5f3c73028ef7e6bf3ced3f703f0') in 0.052892 seconds 
========================================================================
Received Import Request.
  Time since last request: 0.000412 seconds.
  path: Assets/GUI PRO Kit - Simple Casual/Preview/003_Common_FunctionIcon_.png
  artifactKey: Guid(983092b693a1446688791e8c6914ca50) Importer(815301076,1909f56bfc062723c751e8b465ee728b)
Start importing Assets/GUI PRO Kit - Simple Casual/Preview/003_Common_FunctionIcon_.png using Guid(983092b693a1446688791e8c6914ca50) Importer(815301076,1909f56bfc062723c751e8b465ee728b)  -> (artifact id: 'b4d41ba5c21932f7ac4a1d791687353d') in 0.058484 seconds 
========================================================================
Received Import Request.
  Time since last request: 0.000390 seconds.
  path: Assets/GUI PRO Kit - Simple Casual/Preview/007_Component_4.png
  artifactKey: Guid(2a84602928d8947eca8a3376d79a3904) Importer(815301076,1909f56bfc062723c751e8b465ee728b)
Start importing Assets/GUI PRO Kit - Simple Casual/Preview/007_Component_4.png using Guid(2a84602928d8947eca8a3376d79a3904) Importer(815301076,1909f56bfc062723c751e8b465ee728b)  -> (artifact id: '1dfb66edb9016ecce1128f138b059acf') in 0.035601 seconds 
========================================================================
Received Import Request.
  Time since last request: 0.000364 seconds.
  path: Assets/KSM/Sprites/Error/0003_OK!.png
  artifactKey: Guid(74e1eb3f7815553469ed9885b44ad156) Importer(815301076,1909f56bfc062723c751e8b465ee728b)
Start importing Assets/KSM/Sprites/Error/0003_OK!.png using Guid(74e1eb3f7815553469ed9885b44ad156) Importer(815301076,1909f56bfc062723c751e8b465ee728b)  -> (artifact id: 'fe065558dc7c7c11713bb3c64332ffd0') in 0.021524 seconds 
========================================================================
Received Import Request.
  Time since last request: 0.000279 seconds.
  path: Assets/GUI PRO Kit - Simple Casual/Preview/012_Lobby_Tutorial_Message.png
  artifactKey: Guid(a0fde21d3da6144f99e3ffac993384cf) Importer(815301076,1909f56bfc062723c751e8b465ee728b)
Start importing Assets/GUI PRO Kit - Simple Casual/Preview/012_Lobby_Tutorial_Message.png using Guid(a0fde21d3da6144f99e3ffac993384cf) Importer(815301076,1909f56bfc062723c751e8b465ee728b)  -> (artifact id: '2acdb61a160ff18955d278a474c488d2') in 0.047621 seconds 
========================================================================
Received Prepare
Refreshing native plugins compatible for Editor in 35.42 ms, found 3 plugins.
Preloading 0 native plugins for Editor in 0.00 ms.
Unloading 76 Unused Serialized files (Serialized files now loaded: 0)
System memory in use before: 264.5 MB.
System memory in use after: 264.7 MB.

Unloading 76 unused Assets to reduce memory usage. Loaded Objects now: 2696.
Total: 17.120411 ms (FindLiveObjects: 0.239465 ms CreateObjectMapping: 0.112918 ms MarkObjects: 16.703780 ms  DeleteObjects: 0.062965 ms)

AssetImportParameters requested are different than current active one (requested -> active):
  custom:video-decoder-ogg-theora: a1e56fd34408186e4bbccfd4996cb3dc -> 
  custom:container-muxer-webm: aa71ff27fc2769a1b78a27578f13a17b -> 
  custom:container-demuxer-webm: 4f35f7cbe854078d1ac9338744f61a02 -> 
  custom:container-demuxer-ogg: 62fdf1f143b41e24485cea50d1cbac27 -> 
  custom:video-encoder-webm-vp8: eb34c28f22e8b96e1ab97ce403110664 -> 
  custom:framework-osx-AVFoundation: e770b220cccbd017edd2c1fefb359320 -> 
  custom:video-decoder-webm-vp8: 9c59270c3fd7afecdb556c50c9e8de78 -> 
  custom:audio-decoder-ogg-vorbis: bf7c407c2cedff20999df2af8eb42d56 -> 
  custom:audio-encoder-webm-vorbis: bf7c407c2cedff20999df2af8eb42d56 -> 
========================================================================
Received Prepare
Refreshing native plugins compatible for Editor in 17.08 ms, found 3 plugins.
Preloading 0 native plugins for Editor in 0.00 ms.
Unloading 76 Unused Serialized files (Serialized files now loaded: 0)
System memory in use before: 264.5 MB.
System memory in use after: 264.7 MB.

Unloading 76 unused Assets to reduce memory usage. Loaded Objects now: 2696.
Total: 11.452835 ms (FindLiveObjects: 0.223006 ms CreateObjectMapping: 0.107082 ms MarkObjects: 11.081615 ms  DeleteObjects: 0.040048 ms)

AssetImportParameters requested are different than current active one (requested -> active):
  custom:video-decoder-ogg-theora: a1e56fd34408186e4bbccfd4996cb3dc -> 
  custom:container-muxer-webm: aa71ff27fc2769a1b78a27578f13a17b -> 
  custom:container-demuxer-webm: 4f35f7cbe854078d1ac9338744f61a02 -> 
  custom:container-demuxer-ogg: 62fdf1f143b41e24485cea50d1cbac27 -> 
  custom:video-encoder-webm-vp8: eb34c28f22e8b96e1ab97ce403110664 -> 
  custom:framework-osx-AVFoundation: e770b220cccbd017edd2c1fefb359320 -> 
  custom:video-decoder-webm-vp8: 9c59270c3fd7afecdb556c50c9e8de78 -> 
  custom:audio-decoder-ogg-vorbis: bf7c407c2cedff20999df2af8eb42d56 -> 
  custom:audio-encoder-webm-vorbis: bf7c407c2cedff20999df2af8eb42d56 -> 
========================================================================
Received Import Request.
  Time since last request: 3691.786542 seconds.
  path: Assets/KSM/Scenes/1. Lobby.unity
  artifactKey: Guid(70f4bcf9c9f271c4e863c33493e17bdb) Importer(815301076,1909f56bfc062723c751e8b465ee728b)
Start importing Assets/KSM/Scenes/1. Lobby.unity using Guid(70f4bcf9c9f271c4e863c33493e17bdb) Importer(815301076,1909f56bfc062723c751e8b465ee728b)  -> (artifact id: 'b66ec2a826fc6708734732630dbec540') in 0.017874 seconds 
========================================================================
Received Prepare
Registering precompiled user dll's ...
Registered in 0.004310 seconds.
Begin MonoManager ReloadAssembly
Native extension for OSXStandalone target not found
Refreshing native plugins compatible for Editor in 1.47 ms, found 3 plugins.
Preloading 0 native plugins for Editor in 0.00 ms.
2022-04-05 16:02:12.227 Unity[5140:90151] NSEventModifierFlagFunction specified to -setKeyEquivalentModifierMask: for item <NSMenuItem: 0x600003f020d0 Font Asset, ke='Command-F12'>, but is only supported for system-provided menu items; will not be used
Mono: successfully reloaded assembly
- Completed reload, in  2.076 seconds
Domain Reload Profiling:
	ReloadAssembly (2079ms)
		BeginReloadAssembly (316ms)
			ExecutionOrderSort (0ms)
			DisableScriptedObjects (15ms)
			BackupInstance (0ms)
			ReleaseScriptingObjects (0ms)
			CreateAndSetChildDomain (140ms)
		EndReloadAssembly (1675ms)
			LoadAssemblies (198ms)
			RebuildTransferFunctionScriptingTraits (0ms)
			SetupTypeCache (543ms)
			ReleaseScriptCaches (1ms)
			RebuildScriptCaches (68ms)
			SetupLoadedEditorAssemblies (707ms)
				LogAssemblyErrors (0ms)
				InitializePlatformSupportModulesInManaged (6ms)
				SetLoadedEditorAssemblies (1ms)
				RefreshPlugins (2ms)
				BeforeProcessingInitializeOnLoad (167ms)
				ProcessInitializeOnLoadAttributes (422ms)
				ProcessInitializeOnLoadMethodAttributes (108ms)
				AfterProcessingInitializeOnLoad (1ms)
				EditorAssembliesLoaded (1ms)
			ExecutionOrderSort2 (0ms)
			AwakeInstancesAfterBackupRestoration (17ms)
Platform modules already initialized, skipping
Switching build target platform(2) subTarget(0) extendedPlatform(0) -> platform(9) subTarget(16777218) extendedPlatform(0)
Refreshing native plugins compatible for Editor in 1.64 ms, found 3 plugins.
Preloading 0 native plugins for Editor in 0.00 ms.
Unloading 2220 Unused Serialized files (Serialized files now loaded: 0)
System memory in use before: 305.4 MB.
System memory in use after: 305.6 MB.

Unloading 79 unused Assets to reduce memory usage. Loaded Objects now: 2698.
Total: 14.564130 ms (FindLiveObjects: 1.033257 ms CreateObjectMapping: 0.611711 ms MarkObjects: 12.717994 ms  DeleteObjects: 0.195772 ms)

AssetImportParameters requested are different than current active one (requested -> active):
  custom:video-decoder-ogg-theora: a1e56fd34408186e4bbccfd4996cb3dc -> 
  custom:container-muxer-webm: aa71ff27fc2769a1b78a27578f13a17b -> 
  custom:container-demuxer-webm: 4f35f7cbe854078d1ac9338744f61a02 -> 
  custom:container-demuxer-ogg: 62fdf1f143b41e24485cea50d1cbac27 -> 
  custom:video-encoder-webm-vp8: eb34c28f22e8b96e1ab97ce403110664 -> 
  custom:framework-osx-AVFoundation: e770b220cccbd017edd2c1fefb359320 -> 
  custom:video-decoder-webm-vp8: 9c59270c3fd7afecdb556c50c9e8de78 -> 
  custom:graphics/normal-map-encoding: 01000000000000000000000000000000 -> 02000000000000000000000000000000
  custom:audio-decoder-ogg-vorbis: bf7c407c2cedff20999df2af8eb42d56 -> 
  custom:audio-encoder-webm-vorbis: bf7c407c2cedff20999df2af8eb42d56 -> 
========================================================================
Received Prepare
Refreshing native plugins compatible for Editor in 13.60 ms, found 3 plugins.
Preloading 0 native plugins for Editor in 0.00 ms.
Unloading 76 Unused Serialized files (Serialized files now loaded: 0)
System memory in use before: 264.0 MB.
System memory in use after: 264.2 MB.

Unloading 76 unused Assets to reduce memory usage. Loaded Objects now: 2698.
Total: 9.377265 ms (FindLiveObjects: 0.291661 ms CreateObjectMapping: 0.163011 ms MarkObjects: 8.853571 ms  DeleteObjects: 0.067578 ms)

AssetImportParameters requested are different than current active one (requested -> active):
  custom:video-decoder-ogg-theora: a1e56fd34408186e4bbccfd4996cb3dc -> 
  custom:container-muxer-webm: aa71ff27fc2769a1b78a27578f13a17b -> 
  custom:container-demuxer-webm: 4f35f7cbe854078d1ac9338744f61a02 -> 
  custom:container-demuxer-ogg: 62fdf1f143b41e24485cea50d1cbac27 -> 
  custom:video-encoder-webm-vp8: eb34c28f22e8b96e1ab97ce403110664 -> 
  custom:framework-osx-AVFoundation: e770b220cccbd017edd2c1fefb359320 -> 
  custom:video-decoder-webm-vp8: 9c59270c3fd7afecdb556c50c9e8de78 -> 
  custom:audio-decoder-ogg-vorbis: bf7c407c2cedff20999df2af8eb42d56 -> 
  custom:audio-encoder-webm-vorbis: bf7c407c2cedff20999df2af8eb42d56 -> 
========================================================================
Received Import Request.
  Time since last request: 11313.582926 seconds.
  path: Assets/KSM/Scenes/1. Lobby.unity
  artifactKey: Guid(70f4bcf9c9f271c4e863c33493e17bdb) Importer(815301076,1909f56bfc062723c751e8b465ee728b)
Start importing Assets/KSM/Scenes/1. Lobby.unity using Guid(70f4bcf9c9f271c4e863c33493e17bdb) Importer(815301076,1909f56bfc062723c751e8b465ee728b)  -> (artifact id: 'b573c9efdda3e00e49cb510b638e066b') in 0.099461 seconds 
AssetImportWorkerClient::OnTransportError - code=2 error=End of file
